# 11. 집합 연산을 조인으로 변환

Intersect나 Minus 같은 집합(Set) 연산을 조인 형태로 변환하는 것을 말한다.

아래는 deptno = 10에 속한 사원들의 job, mgr을 제외시키고, 나머지 job, mgr 집합만을 찾는 쿼리다.
```
SQL> set autotrace traceonly exp
SQL> select job, mgr from emp
  2  minus
  3  select job, mgr from emp
  4  where  deptno = 10;

---------------------------------------------------------------------------------
| Id  | Operation              | Name  | Rows  | Bytes | Cost (%CPU) | Time     |
---------------------------------------------------------------------------------
|   0 | SELECT STATEMENT       |       |    14 |   362 |     8   (63)| 00:00:01 |
|   1 |   MINUS                |       |       |       |             |          |
|   2 |     SORT UNIQUE        |       |    14 |   266 |     4   (25)| 00:00:01 |
|   3 |       TABLE ACCESS FULL| EMP   |    14 |   266 |     3    (0)| 00:00:01 |
|   4 |     SORT UNIQUE        |       |     3 |    96 |     4   (25)| 00:00:01 |
|*  5 |       TABLE ACCESS FULL| EMP   |     3 |    96 |     3    (0)| 00:00:01 |
---------------------------------------------------------------------------------

Predicate Information (identified by operation id) :
----------------------------------------------------
  5 - filter("DEPTNO"=10)
```
각각 Sort Unique 연산을 수행한 후에 Minus 연산을 수행하는 것을 볼 수 있다. 아래와 같이 _convert_set_to_join 파라미터를 true로 설정하고 다시 실행계획을 확인해 보자.
```
SQL> alter session set "_convert_set_to_join" = true;
SQL> select job, mgr from emp
  2  minus
  3  select job, mgr from emp
  4  where  deptno = 10;

---------------------------------------------------------------------------------
| Id  | Operation              | Name  | Rows  | Bytes | Cost (%CPU) | Time     |
---------------------------------------------------------------------------------
|   0 | SELECT STATEMENT       |       |    13 |   663 |     8   (25)| 00:00:01 |
|   1 |   HASH UNIQUE          |       |    13 |   663 |     8   (25)| 00:00:01 |
|*  2 |     HASH JOIN ANTI     |       |    13 |   663 |     7   (15)| 00:00:01 |
|   3 |       TABLE ACCESS FULL| EMP   |    14 |   266 |     3    (0)| 00:00:01 |
|*  4 |       TABLE ACCESS FULL| EMP   |     3 |    96 |     3    (0)| 00:00:01 |
---------------------------------------------------------------------------------

Predicate Information (identified by operation id) :
----------------------------------------------------
  2 - access(SYS_OP_MAP_NONNULL("JOB")=SYS_OP_MAP_NONNULL("JOB") AND
             SYS_OP_MAP_NONNULL("MGR")=SYS_OP_MAP_NONNULL("MGR")
  4 - filter("DEPTNO"=10)
```
해시 Anit 조인을 수행하고 나서 중복 값을 제거하기 위한 Hash Unique 연산을 수행하는 것을 볼 수 있다. 아래와 같은 형태로 쿼리 변환이 일어난 것이다.
```
SQL> select distinct job, mgr from emp e
  2  where not exists (
  3    select  'x' from emp
  4    where  deptno = 10
  5    and    sys_op_map_nonnull(job) = sys_op_map_nonnull(e.job)
  6    and    sys_op_map_nonnull(mgr) = sys_op_map_nonnull(e.mgr)
  7  ) ;

---------------------------------------------------------------------------------
| Id  | Operation              | Name  | Rows  | Bytes | Cost (%CPU) | Time     |
---------------------------------------------------------------------------------
|   0 | SELECT STATEMENT       |       |    13 |   663 |     8   (25)| 00:00:01 |
|   1 |   HASH UNIQUE          |       |    13 |   663 |     8   (25)| 00:00:01 |
|*  2 |     HASH JOIN ANTI     |       |    13 |   663 |     7   (15)| 00:00:01 |
|   3 |       TABLE ACCESS FULL| EMP   |    14 |   266 |     3    (0)| 00:00:01 |
|*  4 |       TABLE ACCESS FULL| EMP   |     3 |    96 |     3    (0)| 00:00:01 |
---------------------------------------------------------------------------------

Predicate Information (identified by operation id) :
----------------------------------------------------
  2 - access(SYS_OP_MAP_NONNULL("JOB")=SYS_OP_MAP_NONNULL("E"."JOB")
             AND SYS_OP_MAP_NONNULL("MGR")=SYS_OP_MAP_NONNULL("E"."MGR")
  4 - filter("DEPTNO"=10)
```
sys_op_map_nonnull 함수는 비공식적인 함수지만 가끔 유용하게 사용할 수 있다.
null 값끼리 '=' 비교(null = null)하면 false이지만 가끔 true가 되도록 처리해야 하는 경우가 있고, 그럴 때 sys_op_map_nonnull 함수를 사용하면 된다.
위에서는 job과 mgr이 null 허용 컬럼이기 때문에 위와 같은 처리가 일어났다.