# 02. 소트를 발생시키는 오퍼레이션

<br/>

## (1) Sort Aggregate
sort aggregate는 아래처럼 전체 로우를 대상으로 집계를 수행할 때 나타나는데, 'sort'라는 표현을 사용하지만 실제 소트가 발생하지는 않는다.
```
SQL> select sum(sal), max(sal), min(sal) from emp;

------------------------------------------------------------------------------
| Id  | Operation            | Name | Rows  | Bytes | Cost  (%CPU)| Time     |
------------------------------------------------------------------------------
|   0 | SELECT STATEMENT     |      |     1 |     4 |     3    (0)| 00:00:01 |
|   1 |   SORT AGGREGATE     |      |     1 |     4 |             |          |
|   2 |     TABLE ACCESS FULL| EMP  |    14 |    56 |     3    (0)| 00:00:01 |
------------------------------------------------------------------------------

.....
0  sorts (memory)
0  sorts (disk)
.....
```

<br/>

## (2) Sort Order By
데이터 정렬을 위해 order by 오퍼레이션을 수행할 때 나타난다.
```
SQL> set autotrace traceonly
SQL> select * from emp order by sal desc;

------------------------------------------------------------------------------
| Id  | Operation            | Name | Rows  | Bytes | Cost  (%CPU)| Time     |
------------------------------------------------------------------------------
|   0 | SELECT STATEMENT     |      |    14 |   518 |     4   (25)| 00:00:01 |
|   1 |   SORT ORDER BY      |      |    14 |   518 |     4   (25)| 00:00:01 |
|   2 |     TABLE ACCESS FULL| EMP  |    14 |   518 |     3    (0)| 00:00:01 |
------------------------------------------------------------------------------

.....
1  sorts (memory)
0  sorts (disk)
.....
```

<br/>

## (3) Sort Group By
sort group by는 소팅 알고리즘을 사용해 그룹별 집계를 수행할 때 나타난다.
```
SQL> select deptno, job, sum(sal), max(sal), min(sal)
  2  from   emp
  3  group by deptno, job
  4  order by deptno, job ;

  DEPTNO JOB            SUM(SAL)     MAX(SAL)     MIN(SAL)
-------- ---------- ------------ ------------ ------------
      10 CLERK              1300         1300         1300
      10 MANAGER            2450         2450         2450
      10 PRESIDENT          5000         5000         5000
      20 ANALYST            6000         3000         3000
      20 CLERK              1900         1100          800
      20 MANAGER            2975         2975         2975
      30 CLERK               950          950          950
      30 MANAGER            2850         2850         2850   
      30 SALESMAN           5600         1600          125

------------------------------------------------------------------------------
| Id  | Operation            | Name | Rows  | Bytes | Cost  (%CPU)| Time     |
------------------------------------------------------------------------------
|   0 | SELECT STATEMENT     |      |    11 |   165 |     4   (25)| 00:00:01 |
|   1 |   SORT GROUP BY      |      |    11 |   165 |     4   (25)| 00:00:01 |
|   2 |     TABLE ACCESS FULL| EMP  |    14 |   210 |     3    (0)| 00:00:01 |
------------------------------------------------------------------------------

.....
1  sorts (memory)
0  sorts (disk)
.....
```

<br/>

### [Hash Group By와 비교]
10gR2에서 hash group by 방식이 도입되면서, order by절을 함께 명시하지 않으면 대부분 hash group by 방식으로 처리된다.
```
SQL> select deptno, job, sum(sal), max(sal), min(sal)
  2  from   emp
  3  group by deptno, job ;

  DEPTNO JOB            SUM(SAL)     MAX(SAL)     MIN(SAL)
-------- ---------- ------------ ------------ ------------
      20 CLERK              1900         1100          800
      30 SALESMAN           5600         1600          125
      20 MANAGER            2975         2975         2975
      30 CLERK               950          950          950
      10 PRESIDENT          5000         5000         5000
      30 MANAGER            2850         2850         2850 
      10 CLERK              1300         1300         1300
      10 MANAGER            2450         2450         2450
      20 ANALYST            6000         3000         3000

------------------------------------------------------------------------------
| Id  | Operation            | Name | Rows  | Bytes | Cost  (%CPU)| Time     |
------------------------------------------------------------------------------
|   0 | SELECT STATEMENT     |      |    11 |   165 |     4   (25)| 00:00:01 |
|   1 |   HASH GROUP BY      |      |    11 |   165 |     4   (25)| 00:00:01 |
|   2 |     TABLE ACCESS FULL| EMP  |    14 |   210 |     3    (0)| 00:00:01 |
------------------------------------------------------------------------------

.....
0  sorts (memory)
0  sorts (disk)
.....
```
hash group by는 정렬을 수행하지 않고 해싱 알고리즘을 사용해 데이터를 그룹핑한다.
읽는 로우마다 group by 컬럼의 해시 값으로 해시 버킷을 찾아 그룹별로 집계항목(max, min, avg 등)을 갱신하는 방식이다.

sort group by라고 해서 모든 데이터를 정렬하고 나서 집계하는 것은 아니며, hash group by와 마찬가지로 읽는 로우마다 그룹별로 집계항목을 갱신한다.
다만, 그룹을 찾아가는 방식이 해싱 알고리즘이냐 소팅 알고리즘이냐의 차이만 있을 뿐이다.
집계할 대상 로우가 아무리 많아도 그룹 개수(즉, group by 기준 컬럼의 distinct value)가 소수일 때는 두 방식 모두 디스크 소트가 전혀 발생하지 않는 것을 통해 이를 알 수 있다.

참고로, hash group by 기능을 비활성화하고 싶으면 아래와 같이 하면 된다.
```
alter system set "_gby_hash_aggregation_enabled" = false;
```

### [Group By 결과의 정렬 순서]
10gR2에서 hash group by가 도입되면서 정렬 순서를 보장하지 않게 되었다고 많은 분들이 알고 있지만, 사실 오라클은 9i부터 이미 group by 결과가 보장되지 않는다고 여러 문서를 통해 공식적으로
밝히고 있다. (심지어 그 이전에도 보장한 적은 없다고 말한다.)

그런데 "문서 상으로만 그렇게 공표했을 뿐 sort group by일 때는 결과가 보장된다"고 믿는 분들이 많다.
아래는 9i에서 수행한 것인데, 20번 부서의 job이 정렬되지 않은 상태(CLERK → ANALYST → MANAGER)인 것을 확인하기 바란다. 같은 쿼리를 8i에서 수행해 보면 정렬된 결과를 보인다.
```
SQL> select detpno, job, sum(sal), max(sal), min(saL)
  2  from   emp
  3  group by deptno, job ;

  DEPTNO JOB            SUM(SAL)     MAX(SAL)     MIN(SAL)
-------- ---------- ------------ ------------ ------------
      10 CLERK              1300         1300         1300
      10 MANAGER            2450         2450         2450
      10 PRESIDENT          5000         5000         5000
      20 CLERK              1900         1100          800
      20 ANALYST            6000         3000         3000
      20 MANAGER            2975         2975         2975
      30 CLERK               950          950          950
      30 MANAGER            2850         2850         2850 
      30 SALESMAN           5600         1600          125

9 개의 행이 선택되었습니다.

Execution Plan
--------------------------------------------------------------------------------------
 0      SELECT STATEMENT Optimizer=CHOOSE (Cost=4 Card=11 Bytes=132)
 1   0    SORT (GROUP BY) (Cost=4 Card=11 Bytes=132)
 2   1      TABLE ACCESS (FULL) OF 'EMP' (Cost=2 Card=14 Bytes=168)
```
그래도 믿기 힘들다면 아래 쿼리도 수행해 보고, 정렬되지 않은 결과를 직접 확인하기 바란다.
```
alter system set "_gby_hash_aggregation_enabled" = false;  -- 10g 이상일 때

select owner, object_type, count(*)
from   all_objects
group by owner, object_type
```
소팅 알고리즘을 사용해 sort group by된 결과집합은 논리적인 정렬 순서를 따라 포인터로 서로 연결돼 있을 것이다.
하지만 물리적인 순서는 논리적 순서와 다를 수 있고, order by를 명시하지 않았을 때는 논리적 순서를 무시하고 물리적 순서에 따라 결과를 출력하기 때문에 정렬을 보장하지 않는 것이라고 짐작해 볼 수 있다.

요컨대, 실행계획에서 "sort group by"의 의미는 "소팅 알고리즘을 사용해 값을 집계한다"는 뜻일 뿐 결과의 정렬을 의미하지는 않는다.
물론 쿼리에 order by 절을 명시하면 정렬 순서가 보장(→ 논리적 정렬 순서를 따라 결과 출력)되지만, 이때도 실행계획은 똑같이 "sort group by"로 표시된다.

8i에서도 group by가 정렬 순서를 보장하지 않는 사례가 있다. 예를 들어, emp 테이블에서 deptno, job별로 평균 급여를 구한다고 하자.
그런데 [job + deptno] 순으로 구성된 인덱스가 있고 옵티마이저가 이 인덱스를 이용해 group by를 수행하기로 했다면 결과집합은 어떤 정렬순서를 보일까? 아래 수행 결과를 보자.
```
SQL> set autotrace on exp
SQL> create index emp_idx on emp(job, deptno);

SQL> select /*+ index(emp emp_idx) */ deptno, job, avg(sal)
  2  from   emp
  3  where  deptno is not null
  4  group by deptno, job ;

  DEPTNO JOB            AVG(SAL) 
-------- ---------- ------------
      20 ANALYST            3000
      10 CLERK              1300
      20 CLERK               950
      30 CLERK               950
      10 MANAGER            2450
      20 MANAGER            2975
      30 MANAGER            2850
      10 PRESIDENT          5000
      30 SALESMAN           1400

-------------------------------------------------------------------------------
| Id  | Operation                      | Name    | Rows  | Bytes | Cost (%CPU)|
-------------------------------------------------------------------------------
|   0 | SELECT STATEMENT               |         |    11 |   165 |     2   (0)|
|   1 |   SORT GROUP BY NOSORT         |         |    11 |   165 |     2   (0)|
|   2 |     TABLE ACCESS BY INDEX ROWID| EMP     |    14 |   210 |     2   (0)|
|   3 |       INDEX FULL SCAN          | EMP_IDX |    14 |       |     1   (0)|
-------------------------------------------------------------------------------
```
쿼리 출력 결과가 group by 기준 컬럼과 다른 정렬 순서를 보이는 것을 확인하기 바란다.
컬럼 순서가 다르더라도 group by를 위해 emp_idx 인덱스가 사용될 수 있는 것은, 인덱스에서 같은 값을 갖는 레코드는 서로 군집해 있기 때문이다.
위 실행계획은 10g에서 수집한 것이지만 8i에서 수행하더라도 마찬가지 결과가 나타난다.

결론적으로 말해 정렬된 group by 결과를 얻고자 한다면, 실행계획에 설령 'sort group by'라고 표시되더라도 반드시 **order by를 명시**해야 한다.

참고로, 아래는 order by 절을 사용하지 않았는데도 10gR2에서 sort group by가 나타나는 경우다.
```
SQL> select deptno, job, count(distinct ename)
  2  from   emp
  3  group by deptno, job ;

  DEPTNO JOB            COUNT(DISTI
-------- ---------- ---------------
     ... ...                    ...
      10 PRESIDENT                1
      20 CLERK                    2
      20 ANALYST                  2
      20 MANAGER                  1
      30 CLERK                    1
     ... ...                    ...


-----------------------------------------------------------------------------
| Id  | Operation            | Name | Rows  | Bytes | Cost (%CPU)| Time     |
-----------------------------------------------------------------------------
|   0 | SELECT STATEMENT     |      |    11 |   187 |     4  (25)| 00:00:01 |
|   1 |   SORT GROUP BY      |      |    11 |   187 |     4  (25)| 00:00:01 |
|   2 |     TABLE ACCESS FULL| EMP  |    14 |   238 |     3   (0)| 00:00:01 |
-----------------------------------------------------------------------------
```
distinct count 연산을 하려면 deptno, job, ename으로 정렬하고서 deptno, job별로 Unique한 ename 개수를 세야 한다.
그런데 해싱 알고리즘은 정렬을 하지 않는 구조여서 deptno, job이 같아도 ename에 따라 서로 다른 해시 버킷으로 흩어지므로 distinct count 연산에 쓰일 수 없다.
따라서 오라클은 distinct count를 만났을 땐 항상 sort group by 방식으로 수행한다. 여기서도 결과는 정렬되지 않았음을 확인할 수 있다.

한 가지 첨언하자면, "group by만 기술한 기존 쿼리에 order by를 추가하면 성능이 나빠질 텐데도 무책임하게 어느 날 갑자기 결과를 보장하지 않는다는 공식 입장을 발표했다"며 오라클을 비판하는 글을
본 적이 있는데, 그것은 오해다. 이미 설명한 것처럼 group by를 위해 내부적으로 사용하는 알고리즘이 바뀔 뿐이며, order by절을 추가한다고 해서 정렬 작업이 두 번 일어나지는 않는다.
물론 알고리즘 차이 때문에 생기는 성능 저하는 있을 수 있다.

<br/>

## (4) Sort Unique
Unnesting된 서브쿼리가 M쪽 집합이거나 Unique 인덱스가 없다면, 그리고 세미 조인으로 수행되지도 않는다면 메인 쿼리와 조인되기 전에 sort unique 오퍼레이션이 먼저 수행된다.
```
SQL> select /*+ ordered use_nl(dept) */ * from dept
  2  where  deptno in (select /*+ unnest */ deptno
  3                    from emp where job = 'CLERK') ;

-------------------------------------------------------------------------------------
| Id  | Operation                        | Name        | Rows  | Bytes | Cost (%CPU)|
-------------------------------------------------------------------------------------
|   0 | SELECT STATEMENT                 |             |     3 |    87 |     4  (25)|
|   1 |   NESTED LOOPS                   |             |     3 |    87 |     4  (25)|
|   2 |     SORT UNIQUE                  |             |     3 |    33 |     2   (0)|
|   3 |       TABLE ACCESS BY INDEX ROWID| EMP         |     3 |    33 |     2   (0)|
|   4 |         INDEX RANGE SCAN         | EMP_JOB_IDX |     3 |       |     1   (0)|
|   5 |     TABLE ACCESS BY INDEX ROWID  | DEPT        |     1 |    18 |     1   (0)|
|   6 |       INDEX UNIQUE SCAN          | DEPT_PK     |     1 |       |     0   (0)|
-------------------------------------------------------------------------------------

.....
1  sorts (memory)
0  sorts (disk)
.....
```
만약 PK/Unique 제약 또는 Unique 인덱스를 통해, Unnesting된 서브쿼리의 Uniqueness가 보장된다면 sort unique 오퍼레이션은 생략된다.

union, minus, intersect 같은 집합(set) 연산자를 사용할 때도 아래와 같이 sort unique 오퍼레이션이 나타난다.
```
SQL> select job, mgr from emp where deptno = 10
  2  union
  3  select job, mgr from emp where deptno = 20;

-------------------------------------------------------------------------------
| Id  | Operation              | Name | Rows  | Bytes | Cost (%CPU)| Time     |
-------------------------------------------------------------------------------
|   0 | SELECT STATEMENT       |      |    10 |   150 |     8  (63)| 00:00:01 |
|   1 |   SORT UNIQUE          |      |    10 |   150 |     8  (63)| 00:00:01 |
|   2 |     UNION-ALL          |      |       |       |            |          |
|   3 |       TABLE ACCESS FULL| EMP  |     5 |    75 |     3   (0)| 00:00:01 |
|   4 |       TABLE ACCESS FULL| EMP  |     5 |    75 |     3   (0)| 00:00:01 |
-------------------------------------------------------------------------------

.....
1  sorts (memory)
0  sorts (disk)
.....

SQL> select job, mgr from emp where deptno = 10
  2  minus
  3  select job, mgr from emp where deptno = 20;

-------------------------------------------------------------------------------
| Id  | Operation              | Name | Rows  | Bytes | Cost (%CPU)| Time     |
-------------------------------------------------------------------------------
|   0 | SELECT STATEMENT       |      |     5 |   150 |     8  (63)| 00:00:01 |
|   1 |   MINUS                |      |       |       |            |          |
|   2 |     SORT UNIQUE        |      |     5 |    75 |     4  (25)| 00:00:01 |
|   3 |       TABLE ACCESS FULL| EMP  |     5 |    75 |     3   (0)| 00:00:01 |
|   4 |     SORT UNIQUE        |      |     5 |    75 |     4  (25)| 00:00:01 |
|   5 |       TABLE ACCESS FULL| EMP  |     5 |    75 |     3   (0)| 00:00:01 |
-------------------------------------------------------------------------------

.....
2  sorts (memory)
0  sorts (disk)
.....
```
distinct 연산을 위해서도 sort unique 오퍼레이션이 사용된다.
```
SQL> select distinct deptno from emp order by deptno;

-----------------------------------------------------------------------------
| Id  | Operation            | Name | Rows  | Bytes | Cost (%CPU)| Time     |
-----------------------------------------------------------------------------
|   0 | SELECT STATEMENT     |      |     3 |     9 |     5  (40)| 00:00:01 |
|   1 |   SORT UNIQUE        |      |     3 |     9 |     4  (25)| 00:00:01 |
|   2 |     TABLE ACCESS FULL| EMP  |    14 |    42 |     3   (0)| 00:00:01 |
-----------------------------------------------------------------------------

.....
1  sorts (memory)
0  sorts (disk)
.....
```
오라클 10gR2부터는 group by처럼 distinct 연산에서도 order by를 생략하면 hash unique 방식으로 수행된다.
```
SQL> select distinct deptno from emp;

-----------------------------------------------------------------------------
| Id  | Operation            | Name | Rows  | Bytes | Cost (%CPU)| Time     |
-----------------------------------------------------------------------------
|   0 | SELECT STATEMENT     |      |     3 |     9 |     5  (40)| 00:00:01 |
|   1 |   HASH UNIQUE        |      |     3 |     9 |     4  (25)| 00:00:01 |
|   2 |     TABLE ACCESS FULL| EMP  |    14 |    42 |     3   (0)| 00:00:01 |
-----------------------------------------------------------------------------

.....
0  sorts (memory)
0  sorts (disk)
.....
```
참고로, 10gR2에서 아래처럼 _convert_set_to_join 파라미터를 true로 설정하면 minus, intersect 같은 집합(set) 연산에 hash unique 오퍼레이션을 사용한다.
즉, 조인을 통해 두 집합을 연결하고 나서 중복을 제거하는 방식이다.
```
alter session set "_convert_set_to_join" = true;
```

<br/>

## (5) Sort Join
sort join 오퍼레이션은 소트 머지 조인을 수행할 때 나타난다.
```
SQL> select /*+ ordered use_merge(e) */ *
  2  from   dept d, emp e
  3  where  d.deptno = e.deptno ;

-------------------------------------------------------------------------------
| Id  | Operation              | Name | Rows  | Bytes | Cost (%CPU)| Time     |
-------------------------------------------------------------------------------
|   0 | SELECT STATEMENT       |      |    14 |   770 |     8  (25)| 00:00:01 |
|   1 |   MERGE JOIN           |      |    14 |   770 |     8  (25)| 00:00:01 |
|   2 |     SORT JOIN          |      |     4 |    72 |     4  (25)| 00:00:01 |
|   3 |       TABLE ACCESS FULL| DEPT |     4 |    72 |     3   (0)| 00:00:01 |
|   4 |     SORT JOIN          |      |    14 |   518 |     4  (25)| 00:00:01 |
|   5 |       TABLE ACCESS FULL| EMP  |    14 |   518 |     3   (0)| 00:00:01 |
-------------------------------------------------------------------------------

.....
2  sorts (memory)
0  sorts (disk)
.....
```
2장 조인 원리와 활용헤서 소트 머지 조인에 대해 설명한 것처럼 outer 테이블인 dept의 deptno 컬럼 인덱스를 이용할 때는 sort가 한 번만 발생한다.
```
-------------------------------------------------------------------------------
| Id  | Operation                      | Name    | Rows  | Bytes | Cost (%CPU)|
-------------------------------------------------------------------------------
|   0 | SELECT STATEMENT               |         |    14 |   770 |     6  (17)|
|   1 |   MERGE JOIN                   |         |    14 |   770 |     6  (17)|
|   2 |     TABLE ACCESS BY INDEX ROWID| DEPT    |     4 |    72 |     2   (0)|
|   3 |       INDEX FULL SCAN          | DEPT_PK |     4 |       |     1   (0)|
|   4 |     SORT JOIN                  |         |    14 |   518 |     4  (25)|
|   5 |       TABLE ACCESS FULL        | EMP     |    14 |   518 |     3   (0)|
-------------------------------------------------------------------------------

.....
1  sorts (memory)
0  sorts (disk)
.....
```

<br/>

## (6) Window Sort
window sort는 분석함수(Analytic Function)를 수행할 때 나타난다.
```
SQL> select empno, ename, job, mgr, sal
  2       , avg(sal) over (partition by deptno)
  3  from   emp;
 
-----------------------------------------------------------------------------
| Id  | Operation            | Name | Rows  | Bytes | Cost (%CPU)| Time     |
-----------------------------------------------------------------------------
|   0 | SELECT STATEMENT     |      |    14 |   406 |     4  (25)| 00:00:01 |
|   1 |   WINDOW SORT        |      |    14 |   406 |     4  (25)| 00:00:01 |
|   2 |     TABLE ACCESS FULL| EMP  |    14 |   406 |     3   (0)| 00:00:01 |
-----------------------------------------------------------------------------

.....
1  sorts (memory)
0  sorts (disk)
.....
```
지금까지 소트를 발생시키는 오퍼레이션 종류에 대해 살펴봤고, 이제 본격적으로 소트 튜닝 방안에 대해 살펴보기로 하자.