# 02. 소트 머지 조인

<br/>

## (1) 기본 메커니즘
NL 조인을 효과적으로 수행하려면 조인 컬럼에 대한 인덱스가 필요하다. 만약 적절한 인덱스가 없다면 Inner 테이블을 탐색할 때마다 반복적으로 Full Scan을 수행하므로 매우 비효율적이다.
그럴 때 옵티마이저는 소트 머지 조인이나 해시 조인을 고려한다.

소트 머지 조인(Sort Merge Join)은 이름이 의미하는 것처럼 두 테이블을 각각 정렬한 다음에 두 집합을 머지(Merge)하면서 조인을 수행한다. 소트 머지 조인은 아래 두 단계로 진행된다.
- 1. 소트 단계 : 양쪽 집합을 조인 컬럼 기준으로 정렬한다.
- 2. 머지 단계 : 정렬된 양쪽 집합을 서로 머지(merge)한다.

소트 머지 조인은 outer 루프와 inner 루프가 Sort Area에 미리 정렬해 둔 자료구조를 이용한다는 점만 다를 뿐, 실제 조인 오퍼레이션을 수행하는 과정은 NL 조인과 다르지 않다.
NL 조인과 마찬가지로 outer 조인할 때 순서가 고정된다는 점도 이 사실을 방증한다.

Sort Area는 PGA 영역에 할당되므로 SGA를 경유해 인덱스와 테이블을 액세스할 때보다 훨씬 빠르다. PGA는 프로세스만을 위한 독립적인 메모리 공간이어서 데이터를 읽을 때 래치 획득 과정이 없기 때문이다.

- ### [Outer 테이블, Inner 테이블]

  NL 조인에서 Outer와 Inner 테이블에 대한 개념을 설명하였다. 해시 조인과 달리 소트 머지 조인은 Outer와 Inner의 개념을 사용해도 부자연스럽지 않다.
  따라서 편의상 First 테이블과 Second 테이블을 각각 Outer 테이블, Inner 테이블로 명명하기도 한다. 그리고 문맥에 따라 두 가지 방식을 혼용해 설명할 것이다.

소트 머지 조인은 use_merge 힌트를 가지고 유도할 수 있다. 아래 SQL에 사용된 힌트는, dept 테이블을 기준으로 emp 테이블과 조인할 때 소트 머지 조인을 사용하라고 지시하고 있다.
```
select /*+ ordered use_merge(e) */ d.deptno, d.dname, e.empno, e.ename
from   dept d, emp e
where  d.deptno = e.deptno
```
힌트에서 지시한 대로 수행할 때의 처리과정은 다음과 같다.
- [1] Outer(=First) 테이블인 dept를 deptno 기준으로 정렬한다.
- [2] Inner(=Second) 테이블인 emp를 deptno 기준으로 정렬한다.
- [3] Sort Area에 정렬된 dept 테이블을 스캔하면서, 정렬된 emp 테이블과 조인한다.

emp 테이블이 정렬돼 있기 때문에 조인에 실패하는 레코드를 만나는 순간 멈출 수 있다. 예를 들어, deptno=10인 레코드를 찾기 위해 스캔을 진행하다가 20을 만나는 순간 멈춘다.

또 한 가지는, 정렬된 emp에서 스캔 시작점을 찾으려고 매번 탐색하지 않아도 된다는 점이다. 예를 들어, deptno=20인 레코드를 찾는 스캔은 이전에 멈춘 지점을 기억했다가 거기서부터 시작하면 된다.
Outer 테이블인 dept도 같은 순서로 정렬돼 있기 때문에 가능한 일이다.

만약 M:M 조인이라면 어떨까? M:M 조인에서도 스캔 도중에 멈추는 것은 가능하지만 시작점을 찾는 작업은 단순하지 않다.

두 가지 방법을 생각해 볼 수 있는데, 시작점을 찾으려고 매번 이진(binary) 탐색을 수행하는 방식과 변수를 하나 더 선언해 앞에서 스캔했던 시작점까지 기억해 두는 방식이다.
둘 중 어떤 방식이 맞는지는 증명할 길이 없다. 다만, 소트 머지 조인 시 Outer 테이블까지 정렬한다는 사실을 통해 후자일 것이라고 추측할 수는 있다.
전자의 방식을 사용한다면 굳이 Outer 테이블까지 정렬할 이유는 없기 때문이다.

<br/>

## (2) 소트 머지 조인의 특징
소트 머지 조인은 조인을 위해 실시간으로 인덱스를 생성하는 것과 다름없다(실제 인덱스 오브젝트를 생성하는 것은 아니지만).
양쪽 집합을 정렬한 다음에는 NL 조인과 같은 방식으로 진행하지만 PGA 영역에 저장된 데이터를 이용하기 때문에 빠르다고 설명하였다.
따라서 소트 부하만 감수한다면, 건건이 버퍼 캐시를 거치면서 조인하는 NL 조인보다 유리하다.
- NL 조인 시 버퍼 캐시에서 같은 블록을 반복적으로 액세스할 때 발생하는 비효율을 없애려고 Buffere Pinning 기능이 점점 확대 적용되고 있고, 이 때문에 버전이 올라갈수록 NL 조인이 조금씩 유리해지고 있다.

NL 조인은 조인 컬럼에 대한 인덱스 유무에 따라 크게 영향을 받지만 소트 머지 조인은 영향을 받지 않는다.
(뒤에서 살펴보겠지만 인덱스가 미리 만들어져 있으면 소트 머지 조인을 좀 더 빠르게 수행할 수는 있다.)

그리고 양쪽 집합을 개별적으로 읽고 나서 조인한다는 것도 특징이다. 따라서 조인 컬럼에 인덱스가 없는 상황에서 두 테이블을 독립적으로 읽어 조인 대상 집합을 줄일 수 있을 때 아주 유리하다.

스캔(Scan) 위주의 액세스 방식을 사용한다는 점도 소트 머지 조인의 중요한 특징이다. 하지만 모든 처리가 스캔 방식으로 이루어지는 것은 아니다.
양쪽 소스 집합에서 정렬 대상 레코드를 찾는 작업만큼은 인덱스를 이용해 Random 액세스 방식으로 처리될 수 있고, 그때 발생하는 Random 액세스량이 많다면 소트 머지 조인의 이점이 사라질 수도 있음에 유의하자.
이는 해시 조인할 때도 마찬가지다.

예를 들어, 아래 쿼리에서 loc = 'CHICAGO', job = 'SALESMAN' 이 두 조건에 해당하는 레코드를 찾을 때는 인덱스를 이용할 수 있다.
```
select /*+ use_merge(d e) */ d.deptno, d.dname, e.empno, e.ename
from   dept d, emp e
where  d.deptno = e.deptno
and    d.loc = 'CHICAGO'
and    e.job = 'SALESMAN'
```
Random 액세스 위주의 NL 조인이 대용량 처리에 한계를 보일 때마다 소트 머지 조인이 해결사로서 인기를 누리던 시절이 있었다.
하지만 다음 절에서 설명할 해시 조인의 등장으로 이제 소트 머지 조인의 위상은 예전만 못하다. 대부분 해시 조인보다 느린 성능을 보이기 때문이다.
하지만 아래와 같은 상황에서는 여전히 소트 머지 조인이 유용하다.
- First 테이블에 소트 연산을 대체할 인덱스가 있을 때
- 조인할 First 집합이 이미 정렬돼 있을 때
- 조인 조건식이 등치(=) 조건이 아닐 때

위 세 가지 상황에 대해 하나씩 살펴보자.

<br/>

## (3) First 테이블에 소트 연산을 대체할 인덱스가 있을 때
소트 머지 조인은 무조건 전체범위처리 방식이라고 알려졌지만 항상 그렇지는 않다.
해시 조인과 마찬가지로, 한쪽 집합(Second 테이블)은 전체범위를 처리하고 다른 한쪽(First 테이블)은 일부만 읽고 멈추도록 할 수 있다.
First 테이블 조인 컬럼에 인덱스가 있을 때 그렇다. 만약 그렇게 처리할 수 있다면 OLTP성 업무에서 소량의 테이블과 대량의 테이블을 조인할 때 소트 머지 조인을 유용하게 사용할 수 있다.
이에 대해서는 잠시 후에 살펴보기로 하고, First 테이블에 있는 인덱스로 소트 연산을 대체하는 간단한 예제부터 시작하자.
```
create index dept_idx on dept(loc, deptno);
create index emp_idx on emp(job, deptno);
```
dept_idx는 [loc + deptno] 순으로 정렬돼 있다. 따라서 이 인덱스를 loc = 'CHICAGO' 조건으로 스캔하면서 얻어진 결과집합은 이미 deptno 순으로 정렬돼 있다.
따라서 dept 테이블이 소트 머지 조인을 위한 First 집합으로 선택된다면 소트 연산이 대체될 수 있다. 아래 실행계획에서 dept 테이블에 별도의 Sort Join 오퍼레이션을 수행하지 않은 것을 확인하기 바란다.
```
select /*+ ordered use_merge(e) */ *
from   dept d, emp e
where  d.deptno = e.deptno
and    d.loc = 'CHICAGO'
and    e.job = 'SALESMAN'
order by e.deptno

-----------------------------------------------------------------------------------
| Id  | Operation                        | Name     | Rows  | Bytes | Cost  (%CPU)|
-----------------------------------------------------------------------------------
|   0 | SELECT STATEMENT                 |          |     1 |   105 |     5   (20)|
|   1 |   MERGE JOIN                     |          |     1 |   105 |     5   (20)|
|   2 |     TABLE ACCESS BY INDEX ROWID  | DEPT     |     1 |    18 |     2    (0)|
|   3 |       INDEX RANGE SCAN           | DEPT_IDX |     1 |       |     1    (0)|
|   4 |     SORT JOIN                    |          |     4 |   348 |     3   (34)|
|   5 |       TABLE ACCESS BY INDEX ROWID| EMP      |     4 |   348 |     2    (0)|
|   6 |         INDEX RANGE SCAN         | EMP_IDX  |     4 |       |     1    (0)|
-----------------------------------------------------------------------------------
```
같은 원리로 [job + deptno] 순으로 정렬ㄹ되노 emp_idx 인덱스를 job = 'SALESMAN' 조건으로 스캔하면서 얻어지는 결과집합도 deptno 순으로 정렬된다.
따라서 emp 테이블을 다시 정렬할 필요가 없을 것 같지만 위 실행계획에서는 Sort Join 오퍼레이션이 나타났다.
소트 머지 조인에서 인덱스를 이용해 소트 연산을 대체할 수 있는 대상은 First 테이블에만 국한된다는 사실을 알 수 있다.

Second 테이블 조인 컬럼에 대한 인덱스를 이용함에도 Sort Join 오퍼레이션이 나타나지만, 이때는 소트 연산에 의한 부하가 크지 않다.
정렬된 순서대로 Sort Area에 담기 때문이며, 가장 큰 값과 비교하면서 뒤쪽에만 데이터가 쌓인다.
10032 트레이스(Dump Sort Statistics)를 걸어 확인해보면 job 컬럼만으로 구성된 인덱스를 사용할 때보다 비교 연산(comparisons performed)이 훨씬 적게 발생하는 것을 확인할 수 있다.

결과집합이 이미 deptno 순으로 정렬돼 있기 때문에 order by를 위한 추가 Sort 오퍼레이션이 발생하지 않은 것도 눈여겨볼 필요가 있다.

위 실행계획에 표시된 순서상 dept가 First 테이블이고 emp가 Second 테이블이지만 항상 First 테이블을 먼저 읽는 것은 아니다.
First 테이블은 이미 정렬된 인덱스를 사용할 것이므로 그대로 두고, 먼저 Second 집합인 emp 테이블을 읽어 정렬한 결과를 Sort Area에 담는다.
조인 연산을 진행할 때는 dept_idx 인덱스부터 읽기 시작한다.

### [소트 머지 조인에서의 부분범위 처리 활용]
아래 쿼리에서 먼저 emp 테이블 정렬 결과를 Sort Area에 담는다. 그리고 dept_pk 인덱스로부터 dept 테이블을 읽고, 이어서 Sort Area에 정렬된 emp 테이블을 탐색하면서 조인한다.
```
select /*+ ordered use_merge(e) index(d dept_pk) */
       d.dname, e.empno, e.ename
from   dept d, emp e
where  e.deptno = d.deptno;
```
소트 머지 조인도 부분적으로 부분범위처리가 가능하다. Second 테이블은 항상 정렬을 수행하므로 전체범위처리가 불가피하지만 First 테이블만큼은 중간에 읽다가 멈출 수 있다.

테스트를 통해 그 효과를 확인해 보자. 부분범위처리 원리에 의한 효과를 테스트하려는 것이므로 사용자가 명시적으로 스크롤할 떄만 Fetch Call을 수행하는 쿼리 툴을 사용해야 한다.
Toad, Orange, PL/SQL Developer 등이 여기에 속한다.
```
create table t_emp
as
select * from scott.emp, (select rownum no from dual connect by level <= 100000);

create index t_emp_idx on t_emp(deptno);
```
emp 테이블을 100,000번 복제한 t_emp 테이블을 만들었다. emp 테이블이 14건이므로 t_emp 테이블에는 1,40,000건이 담겼을 것이다. 그리고 dept 테이블과 조인하기 위해 deptno 컬럼에 인덱스를 만들었다.

아래는 작은 dept 테이블이 First 테이블이 되도록 소트 머지 조인을 수행한 결과다. Second 테이블은 조인 컬럼에 인덱스가 있더라도 정렬을 수행한다고 했다.
```
select /*+ leading(d) use_merge(e) full(d) full(e) */ *
from   t_emp e, dept d
where  d.deptno = e.deptno

call      count       cpu      elapsed    disk     query    current   rows
-------- ------ --------- ------------ ------- --------- ---------- ------
Parse         1      0.09         0.62     605        74          0      0
Execute       2      0.00         0.00       0         0          0      0
Fetch         2      3.56        18.98   27637      9211         12     11
-------- ------ --------- ------------ ------- --------- ---------- ------
Total         5      3.65        19.60   28242      9285         12     11
  
Rows     Row Source Operation
-------  ---------------------------------------------------------------------
     11  MERGE JOIN (cr=9211 pr=27637 pw=28869 time=18980606 us)
      1    SORT JOIN (cr=7 pr=6 pw=0 time=17935 us)
      4      TABLE ACCESS FULL DEPT (cr=7 pr=6 pw=0 time=17846 us)
     11    SORT JOIN (cr=9204 pr=27631 pw=028869 time=18962638 us)
1400000      TABLE ACCESS FULL T_EMP (cr=9204 pr=8594 pw=0 time=7000038 us)
```
트레이스 결과를 보면 140만 건의 t_emp 테이블을 정렬하는 과정에서 많은 I/O를 일으켰고, 대부분 소요시간도 그 부분에서 발생한 것을 알 수 있다.
두 번 Fetch하면서 11건을 읽기 위해 총 19.6초의 수행 소요시간을 보였다. 그리고 t_emp 테이블 소트 과정에서 27,631개의 디스크 읽기와 28.869개의 디스크 쓰기가 발생한 것에도 주목하기 바란다.

이제 큰 t_emp 테이블이 First 테이블이 되도록 소트 머지 조인을 수행해 보자. 부분범위처리 효과를 얻기 위해 t_emp_idx를 이용하도록 index 힌트를 명시했다.
```
select /*+ ordered use_merge(d) full(d) index(e t_emp_idx) */ *
from   t_emp e, dept d
where  d.deptno = e.deptno

call      count       cpu      elapsed    disk     query    current   rows
-------- ------ --------- ------------ ------- --------- ---------- ------
Parse         1      0.00         0.00       0         0          0      0
Execute       2      0.00         0.00       0         0          0      0
Fetch         2      0.00         0.03       5        13          0     11
-------- ------ --------- ------------ ------- --------- ---------- ------
Total         5      0.00         0.03       5        13          0     11
  
Rows     Row Source Operation
-------  ---------------------------------------------------------------------
     11  MERGE JOIN (cr=13 pr=5 pw=0 time=32179 us)
     11    TABLE ACCESS BY INDEX ROWID T_EMP (cr=6 pr=5 pw=0 time=32343 us)
     11      INDEX FULL SCAN T_EMP_IDX (cr=4 pr=5 pw=0 time=31949 us) (object id 58079)
     11    SORT JOIN (cr=7 pr=0 pw=0 time=303 us)
      4      TABLE ACCESS FULL DEPT (cr=7 pr=0 pw=0 time=59 us)
```
똑같이 두 번 Fetch하면서 11건을 읽었지만 총 소요시간은 0.03초에 불과하고 총 읽은 블록 수도 13개에 불과하다.

t_emp_idx 인덱스를 이용해 정렬 연산을 생략했기 때문에 얻은 효과이며, t_emp를 First 집합으로 사용하더라도 만약 인덱스를 이용하지 않았다면 이를 Second 집합으로 사용했을 때와 같은 수행속도와
일량을 보였을 것이다.

<br/>

## (4) 조인할 First 집합이 이미 정렬돼 있을 때
소트 머지 조인할 때, First쪽 집합이 조인 컬럼 기준으로 이미 정렬된 상태일 수 있다.
group by, order by, distinct 연산 등을 먼저 수행한 경우인데, 그때는 조인을 위해 다시 정렬하지 않아도 되므로 소트 머지 조인이 유리하다.

여기서도 First 집합이 정렬돼 있을 때만 소트 연산이 생략되며, Second 집합은 설사 정렬돼 있더라도 Sort Join 오퍼레이션을 수행한다.

아래는 Outer 테이블을 group by 하고서도 Sort Join 오퍼레이션이 나타났는데, 10gR2에서 도입된 hash group by로 처리했기 때문이다.
```
select /*+ ordered use_merge(d) */ d.deptno, d.dname, e.avg_sal
from  (select deptno, avg(sal) avg_sal from emp group by deptno) e
     , dept d
where  e.deptno = d.deptno

------------------------------------------------------------------------------------
| Id  | Operation                  | Name | Rows  | Bytes | Cost  (%CPU)| Time     |
------------------------------------------------------------------------------------
|   0 | SELECT STATEMENT           |      |     3 |   117 |     8   (25)| 00:00:01 |
|   1 |   MERGE JOIN               |      |     3 |   117 |     8   (25)| 00:00:01 |
|   2 |     SORT JOIN              |      |     3 |    78 |     4   (25)| 00:00:01 |
|   3 |       VIEW                 |      |     3 |    78 |     4   (25)| 00:00:01 |
|   4 |         HASH GROUP BY      |      |     3 |    21 |     4   (25)| 00:00:01 |
|   5 |           TABLE ACCESS FULL| EMP  |    14 |    98 |     3    (0)| 00:00:01 |
|   6 |     SORT JOIN              |      |     4 |    52 |     4   (25)| 00:00:01 |
|   7 |       TABLE ACCESS FULL    | DEPT |     4 |    52 |     3    (0)| 00:00:01 |
------------------------------------------------------------------------------------
```
아래와 같이 인라인 뷰에 order by 절을 명시해 sort group by로 유도하면 First 집합에 대한 Sort Join 오퍼레이션이 사라진다. 9i에서는 order by 절을 추가하지 않더라도 아래와 같이 실행된다.
```
select /*+ ordered use_merge(d) */ d.deptno, d.dname, e.avg_sal
from  (select deptno, avg(sal) avg_sal from emp group by deptno order by deptno) e
     , dept d
where  e.deptno = d.deptno

----------------------------------------------------------------------------------
| Id  | Operation                | Name | Rows  | Bytes | Cost  (%CPU)| Time     |
----------------------------------------------------------------------------------
|   0 | SELECT STATEMENT         |      |     3 |   117 |     8   (25)| 00:00:01 |
|   1 |   MERGE JOIN             |      |     3 |   117 |     8   (25)| 00:00:01 |
|   2 |     VIEW                 |      |     3 |    78 |     4   (25)| 00:00:01 |
|   3 |       SORT GROUP BY      |      |     3 |    21 |     4   (25)| 00:00:01 |
|   4 |         TABLE ACCESS FULL| EMP  |    14 |    98 |     3    (0)| 00:00:01 |
|   5 |     SORT JOIN            |      |     4 |    52 |     4   (25)| 00:00:01 |
|   6 |       TABLE ACCESS FULL  | DEPT |     4 |    52 |     3    (0)| 00:00:01 |
----------------------------------------------------------------------------------
```
아래는 Second 집합이 group by를 통해 이미 정렬돼 있는 경우다. sort group by(6번 단계) 하고서 조인을 위한 소트 연산(4번 단계 sort join)을 한 번 더 수행하는 것을 볼 수 있다.
```
select /*+ ordered use_merge(e) */ d.deptno, d.dname, e.avg_sal
from  dept d
   , (select deptno, avg(sal) avg_sal from emp group by deptno order by deptno) e
where  e.deptno = d.deptno

------------------------------------------------------------------------------------
| Id  | Operation                  | Name | Rows  | Bytes | Cost  (%CPU)| Time     |
------------------------------------------------------------------------------------
|   0 | SELECT STATEMENT           |      |     3 |   117 |     9   (25)| 00:00:01 |
|   1 |   MERGE JOIN               |      |     3 |   117 |     9   (25)| 00:00:01 |
|   2 |     SORT JOIN              |      |     4 |    52 |     4   (25)| 00:00:01 |
|   3 |       TABLE ACCESS FULL    | DEPT |     4 |    52 |     3    (0)| 00:00:01 |
|   4 |     SORT JOIN              |      |     3 |    78 |     5   (40)| 00:00:01 |
|   5 |       VIEW                 |      |     3 |    78 |     4   (25)| 00:00:01 |
|   6 |         SORT GROUP BY      |      |     3 |    21 |     4   (25)| 00:00:01 |
|   7 |           TABLE ACCESS FULL| EMP  |    14 |    98 |     3    (0)| 00:00:01 |
------------------------------------------------------------------------------------
```

<br/>

## (5) 조인 조건식이 등치(=) 조건이 아닐 때
해시 조인은 조인 조건식이 등치(=) 조건일 때만 사용할 수 있지만 소트 머지 조인은 등치 조건이 아닐 떄도(between, <, <=, >, >=) 사용될 수 있다.
```
select /*+ ordered use_merge(e) */ d.deptno, d.dname, e.empno, e.ename
from   dept d, emp e
where  d.deptno <= e.deptno

--------------------------------------------------------------------------------
| Id  | Operation              | Name | Rows  | Bytes | Cost  (%CPU)| Time     |
--------------------------------------------------------------------------------
|   0 | SELECT STATEMENT       |      |     3 |    78 |     8   (25)| 00:00:01 |
|   1 |   MERGE JOIN           |      |     3 |    78 |     8   (25)| 00:00:01 |
|   2 |     SORT JOIN          |      |     4 |    52 |     4   (25)| 00:00:01 |
|   3 |       TABLE ACCESS FULL| DEPT |     4 |    52 |     3    (0)| 00:00:01 |
|   4 |     SORT JOIN          |      |    14 |   182 |     4   (25)| 00:00:01 |
|   5 |       TABLE ACCESS FULL| EMP  |    14 |   182 |     3    (0)| 00:00:01 |
--------------------------------------------------------------------------------
```
위 조인문은 dept 테이블 deptno 기준으로 오름차순(asc) 정렬하도록 order by절을 추가하더라도 sort order by 오퍼레이션이 나타나지 않는다.
반면 내림차순(desc) 정렬 또는 emp 테이블 deptno 기준으로 정렬하도록 order by절을 추가하면 sort order by 오퍼레이션 단계가 추가된다.

부등호 방향을 아래와 같이 바꾸면 오라클은 Sort Join을 위해 두 집합을 내림차순(desc)으로 정렬한다. 쿼리를 수행했을 때 deptno가 큰 값부터 출력되는 것을 통해 이 사실을 알 수 있다.
```
select /*+ ordered use_merge(e) */ d.deptno, d.dname, e.empno, e.ename
from   dept d, emp e
where  d.deptno >= e.deptno
```
따라서 dept 테이블 deptno 기준으로 내림차순 정렬하도록 order by절을 추가하더라도 sort order by 오퍼레이션이 나타나지 않는다
반면 아래와 같이 오름차순 정렬 또는 emp 테이블 deptno 기준으로 정렬하도록 order by절을 추가하면 sort order by 오퍼레이션 단계가 추가된다.
```
select /*+ ordered use_merge(e) */ d.deptno, d.dname, e.empno, e.ename
from   dept d, emp e
where  d.deptno >= e.deptno
order by d.deptno asc

----------------------------------------------------------------------------------
| Id  | Operation                | Name | Rows  | Bytes | Cost  (%CPU)| Time     |
----------------------------------------------------------------------------------
|   0 | SELECT STATEMENT         |      |     3 |   132 |     8   (25)| 00:00:01 |
|   1 |   SORT ORDER BY          |      |     3 |   132 |     8   (25)| 00:00:01 |
|   1 |     MERGE JOIN           |      |     3 |   132 |     8   (25)| 00:00:01 |
|   2 |       SORT JOIN          |      |     4 |    44 |     4   (25)| 00:00:01 |
|   3 |         TABLE ACCESS FULL| DEPT |     4 |    44 |     3    (0)| 00:00:01 |
|   4 |       SORT JOIN          |      |    14 |   462 |     4   (25)| 00:00:01 |
|   5 |         TABLE ACCESS FULL| EMP  |    14 |   462 |     3    (0)| 00:00:01 |
----------------------------------------------------------------------------------
```